<?xml version="1.0" encoding="UTF-8"?>
<coverage generated="1783956597">
  <project timestamp="1783956597">
    <file name="/home/runner/work/wp-module-solutions/wp-module-solutions/bootstrap.php">
      <line num="9" type="stmt" count="0"/>
      <line num="10" type="stmt" count="0"/>
      <line num="11" type="stmt" count="0"/>
      <line num="12" type="stmt" count="0"/>
      <line num="13" type="stmt" count="0"/>
      <line num="14" type="stmt" count="0"/>
      <line num="15" type="stmt" count="0"/>
      <line num="16" type="stmt" count="0"/>
      <line num="17" type="stmt" count="0"/>
      <line num="18" type="stmt" count="0"/>
      <line num="19" type="stmt" count="0"/>
      <line num="20" type="stmt" count="0"/>
      <line num="21" type="stmt" count="0"/>
      <line num="22" type="stmt" count="0"/>
      <line num="23" type="stmt" count="0"/>
      <line num="24" type="stmt" count="0"/>
      <line num="25" type="stmt" count="0"/>
      <line num="26" type="stmt" count="0"/>
      <line num="27" type="stmt" count="0"/>
      <line num="28" type="stmt" count="0"/>
      <metrics loc="31" ncloc="31" classes="0" methods="0" coveredmethods="0" conditionals="0" coveredconditionals="0" statements="20" coveredstatements="0" elements="20" coveredelements="0"/>
    </file>
    <file name="/home/runner/work/wp-module-solutions/wp-module-solutions/includes/EntitlementsApi.php">
      <class name="NewfoldLabs\WP\Module\Solutions\EntitlementsApi" namespace="global">
        <metrics complexity="13" methods="5" coveredmethods="2" conditionals="0" coveredconditionals="0" statements="70" coveredstatements="41" elements="75" coveredelements="43"/>
      </class>
      <line num="68" type="method" name="__construct" visibility="public" complexity="1" crap="1" count="4"/>
      <line num="69" type="stmt" count="4"/>
      <line num="70" type="stmt" count="4"/>
      <line num="71" type="stmt" count="4"/>
      <line num="77" type="method" name="register_routes" visibility="public" complexity="1" crap="1.00" count="1"/>
      <line num="80" type="stmt" count="1"/>
      <line num="81" type="stmt" count="1"/>
      <line num="82" type="stmt" count="1"/>
      <line num="83" type="stmt" count="1"/>
      <line num="84" type="stmt" count="1"/>
      <line num="85" type="stmt" count="1"/>
      <line num="86" type="stmt" count="1"/>
      <line num="87" type="stmt" count="0"/>
      <line num="88" type="stmt" count="1"/>
      <line num="89" type="stmt" count="1"/>
      <line num="90" type="stmt" count="1"/>
      <line num="93" type="stmt" count="1"/>
      <line num="94" type="stmt" count="1"/>
      <line num="95" type="stmt" count="1"/>
      <line num="96" type="stmt" count="1"/>
      <line num="97" type="stmt" count="1"/>
      <line num="98" type="stmt" count="1"/>
      <line num="99" type="stmt" count="1"/>
      <line num="100" type="stmt" count="0"/>
      <line num="101" type="stmt" count="1"/>
      <line num="102" type="stmt" count="1"/>
      <line num="103" type="stmt" count="1"/>
      <line num="112" type="method" name="set_the_transient" visibility="public" complexity="1" crap="1" count="1"/>
      <line num="113" type="stmt" count="1"/>
      <line num="121" type="method" name="get_entitlements_data" visibility="public" complexity="8" crap="31.32" count="2"/>
      <line num="122" type="stmt" count="2"/>
      <line num="124" type="stmt" count="2"/>
      <line num="128" type="stmt" count="1"/>
      <line num="130" type="stmt" count="1"/>
      <line num="131" type="stmt" count="1"/>
      <line num="132" type="stmt" count="1"/>
      <line num="133" type="stmt" count="1"/>
      <line num="137" type="stmt" count="0"/>
      <line num="138" type="stmt" count="0"/>
      <line num="139" type="stmt" count="0"/>
      <line num="140" type="stmt" count="0"/>
      <line num="141" type="stmt" count="0"/>
      <line num="142" type="stmt" count="0"/>
      <line num="143" type="stmt" count="0"/>
      <line num="144" type="stmt" count="0"/>
      <line num="145" type="stmt" count="0"/>
      <line num="146" type="stmt" count="0"/>
      <line num="148" type="stmt" count="0"/>
      <line num="149" type="stmt" count="0"/>
      <line num="152" type="stmt" count="0"/>
      <line num="153" type="stmt" count="0"/>
      <line num="155" type="stmt" count="0"/>
      <line num="156" type="stmt" count="0"/>
      <line num="157" type="stmt" count="0"/>
      <line num="158" type="stmt" count="0"/>
      <line num="160" type="stmt" count="0"/>
      <line num="161" type="stmt" count="0"/>
      <line num="165" type="stmt" count="1"/>
      <line num="173" type="method" name="activate_plugins" visibility="public" complexity="2" crap="2.33" count="1"/>
      <line num="174" type="stmt" count="1"/>
      <line num="175" type="stmt" count="1"/>
      <line num="176" type="stmt" count="0"/>
      <line num="177" type="stmt" count="0"/>
      <line num="178" type="stmt" count="0"/>
      <line num="179" type="stmt" count="0"/>
      <line num="180" type="stmt" count="0"/>
      <line num="181" type="stmt" count="0"/>
      <line num="182" type="stmt" count="0"/>
      <line num="184" type="stmt" count="1"/>
      <line num="185" type="stmt" count="1"/>
      <line num="186" type="stmt" count="1"/>
      <line num="187" type="stmt" count="1"/>
      <line num="188" type="stmt" count="1"/>
      <line num="189" type="stmt" count="1"/>
      <line num="190" type="stmt" count="1"/>
      <metrics loc="193" ncloc="134" classes="1" methods="5" coveredmethods="2" conditionals="0" coveredconditionals="0" statements="70" coveredstatements="41" elements="75" coveredelements="43"/>
    </file>
    <file name="/home/runner/work/wp-module-solutions/wp-module-solutions/includes/I18nService.php">
      <class name="NewfoldLabs\WP\Module\Solutions\I18nService" namespace="global">
        <metrics complexity="6" methods="4" coveredmethods="0" conditionals="0" coveredconditionals="0" statements="44" coveredstatements="0" elements="48" coveredelements="0"/>
      </class>
      <line num="15" type="method" name="__construct" visibility="public" complexity="1" crap="2" count="0"/>
      <line num="16" type="stmt" count="0"/>
      <line num="17" type="stmt" count="0"/>
      <line num="18" type="stmt" count="0"/>
      <line num="19" type="stmt" count="0"/>
      <line num="20" type="stmt" count="0"/>
      <line num="21" type="stmt" count="0"/>
      <line num="22" type="stmt" count="0"/>
      <line num="23" type="stmt" count="0"/>
      <line num="31" type="method" name="add_php_i18n" visibility="public" complexity="1" crap="2" count="0"/>
      <line num="32" type="stmt" count="0"/>
      <line num="33" type="stmt" count="0"/>
      <line num="34" type="stmt" count="0"/>
      <line num="35" type="stmt" count="0"/>
      <line num="36" type="stmt" count="0"/>
      <line num="38" type="stmt" count="0"/>
      <line num="39" type="stmt" count="0"/>
      <line num="40" type="stmt" count="0"/>
      <line num="41" type="stmt" count="0"/>
      <line num="47" type="method" name="add_js_i18n" visibility="public" complexity="1" crap="2" count="0"/>
      <line num="49" type="stmt" count="0"/>
      <line num="50" type="stmt" count="0"/>
      <line num="51" type="stmt" count="0"/>
      <line num="52" type="stmt" count="0"/>
      <line num="53" type="stmt" count="0"/>
      <line num="54" type="stmt" count="0"/>
      <line num="55" type="stmt" count="0"/>
      <line num="56" type="stmt" count="0"/>
      <line num="57" type="stmt" count="0"/>
      <line num="58" type="stmt" count="0"/>
      <line num="61" type="stmt" count="0"/>
      <line num="62" type="stmt" count="0"/>
      <line num="63" type="stmt" count="0"/>
      <line num="64" type="stmt" count="0"/>
      <line num="65" type="stmt" count="0"/>
      <line num="66" type="stmt" count="0"/>
      <line num="67" type="stmt" count="0"/>
      <line num="68" type="stmt" count="0"/>
      <line num="69" type="stmt" count="0"/>
      <line num="70" type="stmt" count="0"/>
      <line num="84" type="method" name="load_script_translation_file" visibility="public" complexity="3" crap="12" count="0"/>
      <line num="85" type="stmt" count="0"/>
      <line num="86" type="stmt" count="0"/>
      <line num="88" type="stmt" count="0"/>
      <line num="90" type="stmt" count="0"/>
      <line num="91" type="stmt" count="0"/>
      <line num="93" type="stmt" count="0"/>
      <line num="95" type="stmt" count="0"/>
      <metrics loc="98" ncloc="66" classes="1" methods="4" coveredmethods="0" conditionals="0" coveredconditionals="0" statements="44" coveredstatements="0" elements="48" coveredelements="0"/>
    </file>
    <file name="/home/runner/work/wp-module-solutions/wp-module-solutions/includes/Solutions.php">
      <class name="NewfoldLabs\WP\Module\Solutions\Solutions" namespace="global">
        <metrics complexity="47" methods="19" coveredmethods="1" conditionals="0" coveredconditionals="0" statements="226" coveredstatements="7" elements="245" coveredelements="8"/>
      </class>
      <line num="36" type="method" name="add_solutions_admin_body_class" visibility="public" complexity="5" crap="30" count="0"/>
      <line num="37" type="stmt" count="0"/>
      <line num="38" type="stmt" count="0"/>
      <line num="40" type="stmt" count="0"/>
      <line num="41" type="stmt" count="0"/>
      <line num="42" type="stmt" count="0"/>
      <line num="45" type="stmt" count="0"/>
      <line num="53" type="method" name="__construct" visibility="public" complexity="1" crap="2" count="0"/>
      <line num="54" type="stmt" count="0"/>
      <line num="55" type="stmt" count="0"/>
      <line num="56" type="stmt" count="0"/>
      <line num="57" type="stmt" count="0"/>
      <line num="58" type="stmt" count="0"/>
      <line num="59" type="stmt" count="0"/>
      <line num="60" type="stmt" count="0"/>
      <line num="62" type="stmt" count="0"/>
      <line num="63" type="stmt" count="0"/>
      <line num="64" type="stmt" count="0"/>
      <line num="66" type="stmt" count="0"/>
      <line num="68" type="stmt" count="0"/>
      <line num="69" type="stmt" count="0"/>
      <line num="70" type="stmt" count="0"/>
      <line num="71" type="stmt" count="0"/>
      <line num="72" type="stmt" count="0"/>
      <line num="74" type="stmt" count="0"/>
      <line num="75" type="stmt" count="0"/>
      <line num="81" type="method" name="init_entitilements_apis" visibility="public" complexity="1" crap="2" count="0"/>
      <line num="82" type="stmt" count="0"/>
      <line num="88" type="method" name="add_plugins_solutions_menu_link" visibility="public" complexity="1" crap="2" count="0"/>
      <line num="89" type="stmt" count="0"/>
      <line num="90" type="stmt" count="0"/>
      <line num="91" type="stmt" count="0"/>
      <line num="92" type="stmt" count="0"/>
      <line num="93" type="stmt" count="0"/>
      <line num="94" type="stmt" count="0"/>
      <line num="95" type="stmt" count="0"/>
      <line num="96" type="stmt" count="0"/>
      <line num="97" type="stmt" count="0"/>
      <line num="106" type="method" name="add_nfd_subnav" visibility="public" complexity="1" crap="2" count="0"/>
      <line num="107" type="stmt" count="0"/>
      <line num="108" type="stmt" count="0"/>
      <line num="109" type="stmt" count="0"/>
      <line num="110" type="stmt" count="0"/>
      <line num="111" type="stmt" count="0"/>
      <line num="112" type="stmt" count="0"/>
      <line num="113" type="stmt" count="0"/>
      <line num="114" type="stmt" count="0"/>
      <line num="122" type="method" name="render_solutions_page" visibility="public" complexity="1" crap="1" count="1"/>
      <line num="123" type="stmt" count="1"/>
      <line num="129" type="method" name="add_dummy_solutions_menu_link" visibility="public" complexity="1" crap="2" count="0"/>
      <line num="130" type="stmt" count="0"/>
      <line num="131" type="stmt" count="0"/>
      <line num="132" type="stmt" count="0"/>
      <line num="133" type="stmt" count="0"/>
      <line num="134" type="stmt" count="0"/>
      <line num="135" type="stmt" count="0"/>
      <line num="136" type="stmt" count="0"/>
      <line num="137" type="stmt" count="0"/>
      <line num="146" type="method" name="handle_solutions_redirect" visibility="public" complexity="4" crap="20" count="0"/>
      <line num="148" type="stmt" count="0"/>
      <line num="149" type="stmt" count="0"/>
      <line num="150" type="stmt" count="0"/>
      <line num="152" type="stmt" count="0"/>
      <line num="153" type="stmt" count="0"/>
      <line num="154" type="stmt" count="0"/>
      <line num="164" type="method" name="old_solutions_redirect" visibility="public" complexity="1" crap="2" count="0"/>
      <line num="166" type="stmt" count="0"/>
      <line num="168" type="stmt" count="0"/>
      <line num="169" type="stmt" count="0"/>
      <line num="178" type="method" name="solutions_page_assets" visibility="public" complexity="4" crap="20" count="0"/>
      <line num="179" type="stmt" count="0"/>
      <line num="180" type="stmt" count="0"/>
      <line num="181" type="stmt" count="0"/>
      <line num="183" type="stmt" count="0"/>
      <line num="186" type="stmt" count="0"/>
      <line num="187" type="stmt" count="0"/>
      <line num="188" type="stmt" count="0"/>
      <line num="189" type="stmt" count="0"/>
      <line num="190" type="stmt" count="0"/>
      <line num="191" type="stmt" count="0"/>
      <line num="192" type="stmt" count="0"/>
      <line num="193" type="stmt" count="0"/>
      <line num="194" type="stmt" count="0"/>
      <line num="195" type="stmt" count="0"/>
      <line num="197" type="stmt" count="0"/>
      <line num="198" type="stmt" count="0"/>
      <line num="199" type="stmt" count="0"/>
      <line num="200" type="stmt" count="0"/>
      <line num="201" type="stmt" count="0"/>
      <line num="202" type="stmt" count="0"/>
      <line num="204" type="stmt" count="0"/>
      <line num="205" type="stmt" count="0"/>
      <line num="206" type="stmt" count="0"/>
      <line num="207" type="stmt" count="0"/>
      <line num="208" type="stmt" count="0"/>
      <line num="209" type="stmt" count="0"/>
      <line num="212" type="stmt" count="0"/>
      <line num="213" type="stmt" count="0"/>
      <line num="214" type="stmt" count="0"/>
      <line num="215" type="stmt" count="0"/>
      <line num="216" type="stmt" count="0"/>
      <line num="218" type="stmt" count="0"/>
      <line num="219" type="stmt" count="0"/>
      <line num="220" type="stmt" count="0"/>
      <line num="221" type="stmt" count="0"/>
      <line num="222" type="stmt" count="0"/>
      <line num="230" type="method" name="solutions_page_component_assets" visibility="public" complexity="4" crap="20" count="0"/>
      <line num="231" type="stmt" count="0"/>
      <line num="232" type="stmt" count="0"/>
      <line num="233" type="stmt" count="0"/>
      <line num="235" type="stmt" count="0"/>
      <line num="238" type="stmt" count="0"/>
      <line num="239" type="stmt" count="0"/>
      <line num="240" type="stmt" count="0"/>
      <line num="241" type="stmt" count="0"/>
      <line num="242" type="stmt" count="0"/>
      <line num="243" type="stmt" count="0"/>
      <line num="245" type="stmt" count="0"/>
      <line num="246" type="stmt" count="0"/>
      <line num="247" type="stmt" count="0"/>
      <line num="248" type="stmt" count="0"/>
      <line num="249" type="stmt" count="0"/>
      <line num="250" type="stmt" count="0"/>
      <line num="252" type="stmt" count="0"/>
      <line num="253" type="stmt" count="0"/>
      <line num="254" type="stmt" count="0"/>
      <line num="255" type="stmt" count="0"/>
      <line num="256" type="stmt" count="0"/>
      <line num="257" type="stmt" count="0"/>
      <line num="260" type="stmt" count="0"/>
      <line num="261" type="stmt" count="0"/>
      <line num="262" type="stmt" count="0"/>
      <line num="263" type="stmt" count="0"/>
      <line num="265" type="stmt" count="0"/>
      <line num="266" type="stmt" count="0"/>
      <line num="267" type="stmt" count="0"/>
      <line num="268" type="stmt" count="0"/>
      <line num="269" type="stmt" count="0"/>
      <line num="270" type="stmt" count="0"/>
      <line num="281" type="method" name="addnew_brand_solutions_tab" visibility="public" complexity="4" crap="4.05" count="2"/>
      <line num="282" type="stmt" count="2"/>
      <line num="283" type="stmt" count="2"/>
      <line num="284" type="stmt" count="2"/>
      <line num="285" type="stmt" count="2"/>
      <line num="287" type="stmt" count="0"/>
      <line num="289" type="stmt" count="2"/>
      <line num="297" type="stmt" count="2"/>
      <line num="305" type="method" name="render_nfd_solutions_tab" visibility="public" complexity="2" crap="6" count="0"/>
      <line num="306" type="stmt" count="0"/>
      <line num="307" type="stmt" count="0"/>
      <line num="309" type="stmt" count="0"/>
      <line num="311" type="stmt" count="0"/>
      <line num="312" type="stmt" count="0"/>
      <line num="313" type="stmt" count="0"/>
      <line num="314" type="stmt" count="0"/>
      <line num="323" type="method" name="addnew_plugins_solutions_assets" visibility="public" complexity="3" crap="12" count="0"/>
      <line num="324" type="stmt" count="0"/>
      <line num="325" type="stmt" count="0"/>
      <line num="326" type="stmt" count="0"/>
      <line num="328" type="stmt" count="0"/>
      <line num="331" type="stmt" count="0"/>
      <line num="332" type="stmt" count="0"/>
      <line num="333" type="stmt" count="0"/>
      <line num="334" type="stmt" count="0"/>
      <line num="335" type="stmt" count="0"/>
      <line num="336" type="stmt" count="0"/>
      <line num="337" type="stmt" count="0"/>
      <line num="338" type="stmt" count="0"/>
      <line num="339" type="stmt" count="0"/>
      <line num="340" type="stmt" count="0"/>
      <line num="342" type="stmt" count="0"/>
      <line num="343" type="stmt" count="0"/>
      <line num="344" type="stmt" count="0"/>
      <line num="345" type="stmt" count="0"/>
      <line num="346" type="stmt" count="0"/>
      <line num="347" type="stmt" count="0"/>
      <line num="349" type="stmt" count="0"/>
      <line num="350" type="stmt" count="0"/>
      <line num="351" type="stmt" count="0"/>
      <line num="352" type="stmt" count="0"/>
      <line num="353" type="stmt" count="0"/>
      <line num="354" type="stmt" count="0"/>
      <line num="357" type="stmt" count="0"/>
      <line num="358" type="stmt" count="0"/>
      <line num="359" type="stmt" count="0"/>
      <line num="360" type="stmt" count="0"/>
      <line num="362" type="stmt" count="0"/>
      <line num="363" type="stmt" count="0"/>
      <line num="364" type="stmt" count="0"/>
      <line num="365" type="stmt" count="0"/>
      <line num="366" type="stmt" count="0"/>
      <line num="367" type="stmt" count="0"/>
      <line num="368" type="stmt" count="0"/>
      <line num="369" type="stmt" count="0"/>
      <line num="370" type="stmt" count="0"/>
      <line num="371" type="stmt" count="0"/>
      <line num="373" type="stmt" count="0"/>
      <line num="374" type="stmt" count="0"/>
      <line num="375" type="stmt" count="0"/>
      <line num="376" type="stmt" count="0"/>
      <line num="385" type="method" name="get_newfold_solutions_payload" visibility="public" complexity="1" crap="2" count="0"/>
      <line num="386" type="stmt" count="0"/>
      <line num="387" type="stmt" count="0"/>
      <line num="388" type="stmt" count="0"/>
      <line num="389" type="stmt" count="0"/>
      <line num="390" type="stmt" count="0"/>
      <line num="391" type="stmt" count="0"/>
      <line num="400" type="method" name="add_branding_primary_inline_style" visibility="protected" complexity="1" crap="2" count="0"/>
      <line num="401" type="stmt" count="0"/>
      <line num="402" type="stmt" count="0"/>
      <line num="404" type="stmt" count="0"/>
      <line num="412" type="method" name="get_enhanced_entitlment_data" visibility="public" complexity="5" crap="30" count="0"/>
      <line num="414" type="stmt" count="0"/>
      <line num="417" type="stmt" count="0"/>
      <line num="418" type="stmt" count="0"/>
      <line num="421" type="stmt" count="0"/>
      <line num="422" type="stmt" count="0"/>
      <line num="424" type="stmt" count="0"/>
      <line num="425" type="stmt" count="0"/>
      <line num="426" type="stmt" count="0"/>
      <line num="427" type="stmt" count="0"/>
      <line num="428" type="stmt" count="0"/>
      <line num="429" type="stmt" count="0"/>
      <line num="431" type="stmt" count="0"/>
      <line num="444" type="method" name="check_jetpack_connection_redirect" visibility="public" complexity="6" crap="42" count="0"/>
      <line num="447" type="stmt" count="0"/>
      <line num="448" type="stmt" count="0"/>
      <line num="449" type="stmt" count="0"/>
      <line num="451" type="stmt" count="0"/>
      <line num="453" type="stmt" count="0"/>
      <line num="454" type="stmt" count="0"/>
      <line num="455" type="stmt" count="0"/>
      <line num="458" type="stmt" count="0"/>
      <line num="459" type="stmt" count="0"/>
      <line num="461" type="stmt" count="0"/>
      <line num="462" type="stmt" count="0"/>
      <line num="469" type="method" name="add_jetpack_menu_link" visibility="public" complexity="1" crap="2" count="0"/>
      <line num="471" type="stmt" count="0"/>
      <line num="472" type="stmt" count="0"/>
      <line num="473" type="stmt" count="0"/>
      <line num="474" type="stmt" count="0"/>
      <line num="475" type="stmt" count="0"/>
      <line num="476" type="stmt" count="0"/>
      <line num="477" type="stmt" count="0"/>
      <line num="478" type="stmt" count="0"/>
      <metrics loc="481" ncloc="353" classes="1" methods="19" coveredmethods="1" conditionals="0" coveredconditionals="0" statements="226" coveredstatements="7" elements="245" coveredelements="8"/>
    </file>
    <file name="/home/runner/work/wp-module-solutions/wp-module-solutions/includes/SolutionsBranding.php">
      <class name="NewfoldLabs\WP\Module\Solutions\SolutionsBranding" namespace="global">
        <metrics complexity="58" methods="14" coveredmethods="10" conditionals="0" coveredconditionals="0" statements="289" coveredstatements="278" elements="303" coveredelements="288"/>
      </class>
      <line num="21" type="method" name="build_for_container" visibility="public" complexity="11" crap="11" count="30"/>
      <line num="22" type="stmt" count="30"/>
      <line num="23" type="stmt" count="30"/>
      <line num="24" type="stmt" count="30"/>
      <line num="26" type="stmt" count="30"/>
      <line num="27" type="stmt" count="29"/>
      <line num="30" type="stmt" count="30"/>
      <line num="32" type="stmt" count="30"/>
      <line num="33" type="stmt" count="30"/>
      <line num="34" type="stmt" count="9"/>
      <line num="36" type="stmt" count="30"/>
      <line num="37" type="stmt" count="9"/>
      <line num="38" type="stmt" count="3"/>
      <line num="39" type="stmt" count="3"/>
      <line num="40" type="stmt" count="3"/>
      <line num="42" type="stmt" count="6"/>
      <line num="43" type="stmt" count="6"/>
      <line num="53" type="stmt" count="30"/>
      <line num="54" type="stmt" count="30"/>
      <line num="55" type="stmt" count="0"/>
      <line num="58" type="stmt" count="30"/>
      <line num="67" type="method" name="get_localization_branding" visibility="public" complexity="1" crap="1" count="1"/>
      <line num="68" type="stmt" count="1"/>
      <line num="77" type="method" name="get_plugin_install_tab_icon_inline_script" visibility="public" complexity="3" crap="3" count="2"/>
      <line num="78" type="stmt" count="2"/>
      <line num="79" type="stmt" count="2"/>
      <line num="80" type="stmt" count="2"/>
      <line num="81" type="stmt" count="2"/>
      <line num="83" type="stmt" count="2"/>
      <line num="85" type="stmt" count="2"/>
      <line num="91" type="stmt" count="2"/>
      <line num="100" type="method" name="get_primary_color_hex" visibility="public" complexity="2" crap="2" count="6"/>
      <line num="101" type="stmt" count="6"/>
      <line num="102" type="stmt" count="6"/>
      <line num="103" type="stmt" count="6"/>
      <line num="112" type="method" name="defaults_for_plugin_id" visibility="protected" complexity="5" crap="5" count="29"/>
      <line num="113" type="stmt" count="29"/>
      <line num="115" type="stmt" count="29"/>
      <line num="116" type="stmt" count="29"/>
      <line num="117" type="stmt" count="29"/>
      <line num="118" type="stmt" count="29"/>
      <line num="120" type="stmt" count="29"/>
      <line num="121" type="stmt" count="27"/>
      <line num="122" type="stmt" count="29"/>
      <line num="124" type="stmt" count="29"/>
      <line num="126" type="stmt" count="29"/>
      <line num="127" type="stmt" count="27"/>
      <line num="128" type="stmt" count="27"/>
      <line num="129" type="stmt" count="27"/>
      <line num="130" type="stmt" count="27"/>
      <line num="132" type="stmt" count="27"/>
      <line num="133" type="stmt" count="27"/>
      <line num="139" type="stmt" count="27"/>
      <line num="140" type="stmt" count="13"/>
      <line num="141" type="stmt" count="13"/>
      <line num="142" type="stmt" count="13"/>
      <line num="143" type="stmt" count="13"/>
      <line num="144" type="stmt" count="13"/>
      <line num="145" type="stmt" count="13"/>
      <line num="146" type="stmt" count="13"/>
      <line num="153" type="stmt" count="14"/>
      <line num="156" type="stmt" count="27"/>
      <line num="159" type="stmt" count="2"/>
      <line num="160" type="stmt" count="2"/>
      <line num="161" type="stmt" count="2"/>
      <line num="162" type="stmt" count="2"/>
      <line num="163" type="stmt" count="2"/>
      <line num="164" type="stmt" count="2"/>
      <line num="165" type="stmt" count="2"/>
      <line num="166" type="stmt" count="2"/>
      <line num="167" type="stmt" count="2"/>
      <line num="168" type="stmt" count="2"/>
      <line num="169" type="stmt" count="2"/>
      <line num="170" type="stmt" count="2"/>
      <line num="171" type="stmt" count="2"/>
      <line num="172" type="stmt" count="2"/>
      <line num="180" type="method" name="preset_maps" visibility="protected" complexity="1" crap="1" count="29"/>
      <line num="181" type="stmt" count="29"/>
      <line num="182" type="stmt" count="29"/>
      <line num="183" type="stmt" count="29"/>
      <line num="184" type="stmt" count="29"/>
      <line num="185" type="stmt" count="29"/>
      <line num="186" type="stmt" count="29"/>
      <line num="187" type="stmt" count="29"/>
      <line num="188" type="stmt" count="29"/>
      <line num="189" type="stmt" count="29"/>
      <line num="190" type="stmt" count="29"/>
      <line num="191" type="stmt" count="29"/>
      <line num="192" type="stmt" count="29"/>
      <line num="193" type="stmt" count="29"/>
      <line num="194" type="stmt" count="29"/>
      <line num="195" type="stmt" count="29"/>
      <line num="196" type="stmt" count="29"/>
      <line num="197" type="stmt" count="29"/>
      <line num="198" type="stmt" count="29"/>
      <line num="199" type="stmt" count="29"/>
      <line num="200" type="stmt" count="29"/>
      <line num="201" type="stmt" count="29"/>
      <line num="202" type="stmt" count="29"/>
      <line num="203" type="stmt" count="29"/>
      <line num="204" type="stmt" count="29"/>
      <line num="205" type="stmt" count="29"/>
      <line num="206" type="stmt" count="29"/>
      <line num="207" type="stmt" count="29"/>
      <line num="208" type="stmt" count="29"/>
      <line num="209" type="stmt" count="29"/>
      <line num="210" type="stmt" count="29"/>
      <line num="211" type="stmt" count="29"/>
      <line num="212" type="stmt" count="29"/>
      <line num="213" type="stmt" count="29"/>
      <line num="214" type="stmt" count="29"/>
      <line num="215" type="stmt" count="29"/>
      <line num="216" type="stmt" count="29"/>
      <line num="226" type="method" name="preset_base_skeleton" visibility="protected" complexity="1" crap="1" count="29"/>
      <line num="227" type="stmt" count="29"/>
      <line num="228" type="stmt" count="29"/>
      <line num="229" type="stmt" count="29"/>
      <line num="230" type="stmt" count="29"/>
      <line num="231" type="stmt" count="29"/>
      <line num="232" type="stmt" count="29"/>
      <line num="233" type="stmt" count="29"/>
      <line num="234" type="stmt" count="29"/>
      <line num="235" type="stmt" count="29"/>
      <line num="236" type="stmt" count="29"/>
      <line num="237" type="stmt" count="29"/>
      <line num="238" type="stmt" count="29"/>
      <line num="239" type="stmt" count="29"/>
      <line num="240" type="stmt" count="29"/>
      <line num="241" type="stmt" count="29"/>
      <line num="242" type="stmt" count="29"/>
      <line num="243" type="stmt" count="29"/>
      <line num="244" type="stmt" count="29"/>
      <line num="245" type="stmt" count="29"/>
      <line num="246" type="stmt" count="29"/>
      <line num="247" type="stmt" count="29"/>
      <line num="248" type="stmt" count="29"/>
      <line num="249" type="stmt" count="29"/>
      <line num="258" type="method" name="square_grid_tab_icon_markup" visibility="protected" complexity="1" crap="1" count="15"/>
      <line num="259" type="stmt" count="15"/>
      <line num="261" type="stmt" count="15"/>
      <line num="262" type="stmt" count="15"/>
      <line num="263" type="stmt" count="15"/>
      <line num="264" type="stmt" count="15"/>
      <line num="273" type="method" name="module_asset_url" visibility="protected" complexity="1" crap="1" count="13"/>
      <line num="274" type="stmt" count="13"/>
      <line num="275" type="stmt" count="13"/>
      <line num="276" type="stmt" count="13"/>
      <line num="278" type="stmt" count="13"/>
      <line num="288" type="method" name="deep_merge_arrays" visibility="protected" complexity="1" crap="1" count="29"/>
      <line num="289" type="stmt" count="29"/>
      <line num="298" type="method" name="sanitize_branding_payload" visibility="protected" complexity="23" crap="26.41" count="29"/>
      <line num="299" type="stmt" count="29"/>
      <line num="300" type="stmt" count="0"/>
      <line num="302" type="stmt" count="29"/>
      <line num="303" type="stmt" count="29"/>
      <line num="304" type="stmt" count="29"/>
      <line num="305" type="stmt" count="29"/>
      <line num="306" type="stmt" count="29"/>
      <line num="307" type="stmt" count="29"/>
      <line num="308" type="stmt" count="29"/>
      <line num="309" type="stmt" count="29"/>
      <line num="310" type="stmt" count="29"/>
      <line num="313" type="stmt" count="29"/>
      <line num="314" type="stmt" count="0"/>
      <line num="316" type="stmt" count="29"/>
      <line num="317" type="stmt" count="0"/>
      <line num="319" type="stmt" count="29"/>
      <line num="320" type="stmt" count="29"/>
      <line num="321" type="stmt" count="0"/>
      <line num="322" type="stmt" count="29"/>
      <line num="323" type="stmt" count="29"/>
      <line num="324" type="stmt" count="29"/>
      <line num="326" type="stmt" count="29"/>
      <line num="327" type="stmt" count="0"/>
      <line num="329" type="stmt" count="29"/>
      <line num="330" type="stmt" count="29"/>
      <line num="331" type="stmt" count="29"/>
      <line num="332" type="stmt" count="29"/>
      <line num="333" type="stmt" count="14"/>
      <line num="334" type="stmt" count="14"/>
      <line num="335" type="stmt" count="1"/>
      <line num="336" type="stmt" count="13"/>
      <line num="337" type="stmt" count="13"/>
      <line num="338" type="stmt" count="0"/>
      <line num="339" type="stmt" count="0"/>
      <line num="343" type="stmt" count="29"/>
      <line num="344" type="stmt" count="0"/>
      <line num="346" type="stmt" count="29"/>
      <line num="347" type="stmt" count="29"/>
      <line num="348" type="stmt" count="29"/>
      <line num="349" type="stmt" count="29"/>
      <line num="350" type="stmt" count="29"/>
      <line num="351" type="stmt" count="29"/>
      <line num="353" type="stmt" count="29"/>
      <line num="362" type="method" name="sanitize_url_field" visibility="protected" complexity="2" crap="2.15" count="29"/>
      <line num="363" type="stmt" count="29"/>
      <line num="364" type="stmt" count="0"/>
      <line num="366" type="stmt" count="29"/>
      <line num="375" type="method" name="sanitize_tab_icon_svg_markup" visibility="protected" complexity="3" crap="3" count="29"/>
      <line num="376" type="stmt" count="29"/>
      <line num="377" type="stmt" count="29"/>
      <line num="378" type="stmt" count="11"/>
      <line num="380" type="stmt" count="18"/>
      <line num="381" type="stmt" count="0"/>
      <line num="384" type="stmt" count="18"/>
      <line num="385" type="stmt" count="18"/>
      <line num="386" type="stmt" count="18"/>
      <line num="387" type="stmt" count="18"/>
      <line num="388" type="stmt" count="18"/>
      <line num="389" type="stmt" count="18"/>
      <line num="390" type="stmt" count="18"/>
      <line num="391" type="stmt" count="18"/>
      <line num="392" type="stmt" count="18"/>
      <line num="393" type="stmt" count="18"/>
      <line num="394" type="stmt" count="18"/>
      <line num="395" type="stmt" count="18"/>
      <line num="396" type="stmt" count="18"/>
      <line num="397" type="stmt" count="18"/>
      <line num="398" type="stmt" count="18"/>
      <line num="399" type="stmt" count="18"/>
      <line num="400" type="stmt" count="18"/>
      <line num="401" type="stmt" count="18"/>
      <line num="402" type="stmt" count="18"/>
      <line num="403" type="stmt" count="18"/>
      <line num="404" type="stmt" count="18"/>
      <line num="405" type="stmt" count="18"/>
      <line num="406" type="stmt" count="18"/>
      <line num="407" type="stmt" count="18"/>
      <line num="408" type="stmt" count="18"/>
      <line num="409" type="stmt" count="18"/>
      <line num="410" type="stmt" count="18"/>
      <line num="411" type="stmt" count="18"/>
      <line num="412" type="stmt" count="18"/>
      <line num="413" type="stmt" count="18"/>
      <line num="414" type="stmt" count="18"/>
      <line num="415" type="stmt" count="18"/>
      <line num="416" type="stmt" count="18"/>
      <line num="417" type="stmt" count="18"/>
      <line num="418" type="stmt" count="18"/>
      <line num="419" type="stmt" count="18"/>
      <line num="420" type="stmt" count="18"/>
      <line num="421" type="stmt" count="18"/>
      <line num="422" type="stmt" count="18"/>
      <line num="423" type="stmt" count="18"/>
      <line num="424" type="stmt" count="18"/>
      <line num="425" type="stmt" count="18"/>
      <line num="426" type="stmt" count="18"/>
      <line num="427" type="stmt" count="18"/>
      <line num="428" type="stmt" count="18"/>
      <line num="429" type="stmt" count="18"/>
      <line num="430" type="stmt" count="18"/>
      <line num="431" type="stmt" count="18"/>
      <line num="432" type="stmt" count="18"/>
      <line num="433" type="stmt" count="18"/>
      <line num="434" type="stmt" count="18"/>
      <line num="435" type="stmt" count="18"/>
      <line num="436" type="stmt" count="18"/>
      <line num="437" type="stmt" count="18"/>
      <line num="438" type="stmt" count="18"/>
      <line num="439" type="stmt" count="18"/>
      <line num="440" type="stmt" count="18"/>
      <line num="441" type="stmt" count="18"/>
      <line num="442" type="stmt" count="18"/>
      <line num="443" type="stmt" count="18"/>
      <line num="444" type="stmt" count="18"/>
      <line num="445" type="stmt" count="18"/>
      <line num="446" type="stmt" count="18"/>
      <line num="447" type="stmt" count="18"/>
      <line num="448" type="stmt" count="18"/>
      <line num="449" type="stmt" count="18"/>
      <line num="450" type="stmt" count="18"/>
      <line num="451" type="stmt" count="18"/>
      <line num="452" type="stmt" count="18"/>
      <line num="453" type="stmt" count="18"/>
      <line num="454" type="stmt" count="18"/>
      <line num="455" type="stmt" count="18"/>
      <line num="456" type="stmt" count="18"/>
      <line num="457" type="stmt" count="18"/>
      <line num="458" type="stmt" count="18"/>
      <line num="459" type="stmt" count="18"/>
      <line num="460" type="stmt" count="18"/>
      <line num="461" type="stmt" count="18"/>
      <line num="462" type="stmt" count="18"/>
      <line num="463" type="stmt" count="18"/>
      <line num="464" type="stmt" count="18"/>
      <line num="465" type="stmt" count="18"/>
      <line num="466" type="stmt" count="18"/>
      <line num="467" type="stmt" count="18"/>
      <line num="468" type="stmt" count="18"/>
      <line num="469" type="stmt" count="18"/>
      <line num="470" type="stmt" count="18"/>
      <line num="471" type="stmt" count="18"/>
      <line num="472" type="stmt" count="18"/>
      <line num="473" type="stmt" count="18"/>
      <line num="474" type="stmt" count="18"/>
      <line num="476" type="stmt" count="18"/>
      <line num="485" type="method" name="sanitize_hex_color_allow_short" visibility="protected" complexity="3" crap="3" count="29"/>
      <line num="486" type="stmt" count="29"/>
      <line num="487" type="stmt" count="29"/>
      <line num="488" type="stmt" count="29"/>
      <line num="490" type="stmt" count="3"/>
      <line num="491" type="stmt" count="1"/>
      <line num="493" type="stmt" count="2"/>
      <metrics loc="496" ncloc="392" classes="1" methods="14" coveredmethods="10" conditionals="0" coveredconditionals="0" statements="289" coveredstatements="278" elements="303" coveredelements="288"/>
    </file>
    <file name="/home/runner/work/wp-module-solutions/wp-module-solutions/includes/SolutionsUpsell.php">
      <class name="NewfoldLabs\WP\Module\Solutions\SolutionsUpsell" namespace="global">
        <metrics complexity="16" methods="5" coveredmethods="0" conditionals="0" coveredconditionals="0" statements="57" coveredstatements="0" elements="62" coveredelements="0"/>
      </class>
      <line num="24" type="method" name="__construct" visibility="public" complexity="1" crap="2" count="0"/>
      <line num="25" type="stmt" count="0"/>
      <line num="26" type="stmt" count="0"/>
      <line num="32" type="method" name="init" visibility="protected" complexity="2" crap="6" count="0"/>
      <line num="33" type="stmt" count="0"/>
      <line num="34" type="stmt" count="0"/>
      <line num="37" type="stmt" count="0"/>
      <line num="43" type="method" name="load_assets" visibility="public" complexity="5" crap="30" count="0"/>
      <line num="44" type="stmt" count="0"/>
      <line num="45" type="stmt" count="0"/>
      <line num="46" type="stmt" count="0"/>
      <line num="48" type="stmt" count="0"/>
      <line num="51" type="stmt" count="0"/>
      <line num="52" type="stmt" count="0"/>
      <line num="53" type="stmt" count="0"/>
      <line num="54" type="stmt" count="0"/>
      <line num="55" type="stmt" count="0"/>
      <line num="56" type="stmt" count="0"/>
      <line num="57" type="stmt" count="0"/>
      <line num="58" type="stmt" count="0"/>
      <line num="59" type="stmt" count="0"/>
      <line num="60" type="stmt" count="0"/>
      <line num="62" type="stmt" count="0"/>
      <line num="63" type="stmt" count="0"/>
      <line num="64" type="stmt" count="0"/>
      <line num="65" type="stmt" count="0"/>
      <line num="66" type="stmt" count="0"/>
      <line num="67" type="stmt" count="0"/>
      <line num="70" type="stmt" count="0"/>
      <line num="71" type="stmt" count="0"/>
      <line num="72" type="stmt" count="0"/>
      <line num="73" type="stmt" count="0"/>
      <line num="74" type="stmt" count="0"/>
      <line num="75" type="stmt" count="0"/>
      <line num="77" type="stmt" count="0"/>
      <line num="78" type="stmt" count="0"/>
      <line num="79" type="stmt" count="0"/>
      <line num="80" type="stmt" count="0"/>
      <line num="81" type="stmt" count="0"/>
      <line num="82" type="stmt" count="0"/>
      <line num="83" type="stmt" count="0"/>
      <line num="90" type="method" name="get_entitlement_upsell" visibility="protected" complexity="7" crap="56" count="0"/>
      <line num="92" type="stmt" count="0"/>
      <line num="93" type="stmt" count="0"/>
      <line num="94" type="stmt" count="0"/>
      <line num="95" type="stmt" count="0"/>
      <line num="96" type="stmt" count="0"/>
      <line num="97" type="stmt" count="0"/>
      <line num="99" type="stmt" count="0"/>
      <line num="100" type="stmt" count="0"/>
      <line num="101" type="stmt" count="0"/>
      <line num="102" type="stmt" count="0"/>
      <line num="104" type="stmt" count="0"/>
      <line num="105" type="stmt" count="0"/>
      <line num="106" type="stmt" count="0"/>
      <line num="109" type="stmt" count="0"/>
      <line num="110" type="stmt" count="0"/>
      <line num="111" type="stmt" count="0"/>
      <line num="112" type="stmt" count="0"/>
      <line num="115" type="stmt" count="0"/>
      <line num="121" type="method" name="can_access_global_ctb" visibility="protected" complexity="1" crap="2" count="0"/>
      <line num="122" type="stmt" count="0"/>
      <metrics loc="125" ncloc="99" classes="1" methods="5" coveredmethods="0" conditionals="0" coveredconditionals="0" statements="57" coveredstatements="0" elements="62" coveredelements="0"/>
    </file>
    <metrics files="6" loc="1424" ncloc="1075" classes="5" methods="47" coveredmethods="13" conditionals="0" coveredconditionals="0" statements="706" coveredstatements="326" elements="753" coveredelements="339"/>
  </project>
</coverage>
